[2025-04-01 15:51:59] Received action: get
[2025-04-01 15:53:12] Received action: save
[2025-04-01 15:53:15] Received action: get
[2025-04-01 15:59:39] Received action: save
[2025-04-01 15:59:40] Received action: get
[2025-04-01 16:06:02] Received action: save
[2025-04-01 16:06:02] Received action: get
[2025-04-01 16:09:25] Received action: save
[2025-04-01 16:09:25] Received action: get
[2025-04-01 16:09:50] Received action: save
[2025-04-01 16:09:50] Received action: get
[2025-04-01 16:09:50] Received action: save
[2025-04-01 16:09:50] Received action: get
[2025-04-01 16:09:51] Received action: save
[2025-04-01 16:09:51] Received action: get
[2025-04-01 16:09:51] Received action: save
[2025-04-01 16:09:51] Received action: get
[2025-04-01 16:09:51] Received action: save
[2025-04-01 16:09:51] Received action: get
[2025-04-01 16:09:52] Received action: save
[2025-04-01 16:09:52] Received action: get
[2025-04-01 16:09:52] Received action: save
[2025-04-01 16:09:52] Received action: get
[2025-04-01 18:13:24] Received action: save
[2025-04-01 18:14:03] Received action: save
[2025-04-01 18:14:34] Received action: save
[2025-04-01 18:15:09] Received action: save
[2025-04-01 18:17:53] Received action: save
[2025-04-01 18:17:56] Received action: save
[2025-04-01 18:17:57] Received action: save
[2025-04-01 18:17:58] Received action: save
[2025-04-01 18:19:09] Received action: save
[2025-04-01 18:20:13] Received action: save
[2025-04-01 18:20:16] Received action: save
[2025-04-01 18:20:17] Received action: save
[2025-04-01 18:20:18] Received action: save
[2025-04-01 18:20:18] Received action: save
[2025-04-01 18:20:18] Received action: save
[2025-04-01 18:26:13] Received action: save
[2025-04-01 18:26:13] SQLSTATE[42S22]: Column not found: 1054 Unknown column 'outcome' in 'field list'
[2025-04-01 18:26:17] Received action: get
[2025-04-01 18:26:17] Received action: stats
[2025-04-01 18:26:17] SQLSTATE[42S22]: Column not found: 1054 Unknown column 'outcome' in 'where clause'
[2025-04-01 18:30:05] Received action: save
[2025-04-01 18:30:05] SQLSTATE[42S22]: Column not found: 1054 Unknown column 'outcome' in 'field list'
[2025-04-01 18:46:52] Received action: save
[2025-04-01 18:46:52] SQLSTATE[42S22]: Column not found: 1054 Unknown column 'outcome' in 'field list'
[2025-04-01 18:47:39] Received action: save
[2025-04-01 18:47:39] SQLSTATE[42S22]: Column not found: 1054 Unknown column 'outcome' in 'field list'
[2025-04-01 18:51:56] Received action: save
[2025-04-01 18:51:56] Received action: get
[2025-04-01 18:52:46] Received action: save
[2025-04-01 18:54:09] Received action: save
[2025-04-01 18:55:07] Received action: save
[2025-04-01 19:22:55] Received action: save
[2025-04-01 19:35:34] Received action: save
[2025-04-01 19:39:43] Received action: save
[2025-04-01 19:49:45] Received action: save
[2025-04-01 20:29:53] Received action: save
[2025-04-01 21:00:13] Received action: save
[2025-04-01 21:00:13] Received action: save
[2025-04-01 21:00:13] Received action: save
[2025-04-02 11:28:36] Received action: save
[2025-04-02 11:28:45] Received action: save
[2025-04-02 19:15:07] Received action: save
[2025-04-02 19:15:07] Received action: save
[2025-04-03 07:39:32] Received action: save
[2025-04-03 10:04:57] Received action: save
[2025-04-03 10:04:57] Received action: save
[2025-04-03 10:04:58] Received action: save
[2025-04-03 10:04:59] Received action: save
[2025-04-03 10:04:59] Received action: save
[2025-04-03 10:04:59] Received action: save
[2025-04-03 10:04:59] Received action: save
