[01-Apr-2025 15:51:59 Europe/Berlin] Received action: get
[01-Apr-2025 15:53:12 Europe/Berlin] Received action: save
[01-Apr-2025 15:53:15 Europe/Berlin] Received action: get
[01-Apr-2025 15:59:39 Europe/Berlin] Received action: save
[01-Apr-2025 15:59:40 Europe/Berlin] Received action: get
[01-Apr-2025 16:06:02 Europe/Berlin] Received action: save
[01-Apr-2025 16:06:02 Europe/Berlin] Received action: get
[01-Apr-2025 16:09:25 Europe/Berlin] Received action: save
[01-Apr-2025 16:09:25 Europe/Berlin] Received action: get
[01-Apr-2025 16:09:50 Europe/Berlin] Received action: save
[01-Apr-2025 16:09:50 Europe/Berlin] Received action: get
[01-Apr-2025 16:09:50 Europe/Berlin] Received action: save
[01-Apr-2025 16:09:50 Europe/Berlin] Received action: get
[01-Apr-2025 16:09:51 Europe/Berlin] Received action: save
[01-Apr-2025 16:09:51 Europe/Berlin] Received action: get
[01-Apr-2025 16:09:51 Europe/Berlin] Received action: save
[01-Apr-2025 16:09:51 Europe/Berlin] Received action: get
[01-Apr-2025 16:09:51 Europe/Berlin] Received action: save
[01-Apr-2025 16:09:51 Europe/Berlin] Received action: get
[01-Apr-2025 16:09:52 Europe/Berlin] Received action: save
[01-Apr-2025 16:09:52 Europe/Berlin] Received action: get
[01-Apr-2025 16:09:52 Europe/Berlin] Received action: save
[01-Apr-2025 16:09:52 Europe/Berlin] Received action: get
[01-Apr-2025 18:13:24 Europe/Berlin] Received action: save
[01-Apr-2025 18:14:03 Europe/Berlin] Received action: save
[01-Apr-2025 18:14:34 Europe/Berlin] Received action: save
[01-Apr-2025 18:15:09 Europe/Berlin] Received action: save
[01-Apr-2025 18:17:53 Europe/Berlin] Received action: save
[01-Apr-2025 18:17:56 Europe/Berlin] Received action: save
[01-Apr-2025 18:17:57 Europe/Berlin] Received action: save
[01-Apr-2025 18:17:58 Europe/Berlin] Received action: save
[01-Apr-2025 18:19:09 Europe/Berlin] Received action: save
[01-Apr-2025 18:20:13 Europe/Berlin] Received action: save
[01-Apr-2025 18:20:16 Europe/Berlin] Received action: save
[01-Apr-2025 18:20:17 Europe/Berlin] Received action: save
[01-Apr-2025 18:20:18 Europe/Berlin] Received action: save
[01-Apr-2025 18:20:18 Europe/Berlin] Received action: save
[01-Apr-2025 18:20:18 Europe/Berlin] Received action: save
[01-Apr-2025 18:26:13 Europe/Berlin] Received action: save
[01-Apr-2025 18:26:13 Europe/Berlin] SQLSTATE[42S22]: Column not found: 1054 Unknown column 'outcome' in 'field list'
[01-Apr-2025 18:26:17 Europe/Berlin] Received action: get
[01-Apr-2025 18:26:17 Europe/Berlin] Received action: stats
[01-Apr-2025 18:26:17 Europe/Berlin] SQLSTATE[42S22]: Column not found: 1054 Unknown column 'outcome' in 'where clause'
[01-Apr-2025 18:30:05 Europe/Berlin] Received action: save
[01-Apr-2025 18:30:05 Europe/Berlin] SQLSTATE[42S22]: Column not found: 1054 Unknown column 'outcome' in 'field list'
[01-Apr-2025 18:46:52 Europe/Berlin] Received action: save
[01-Apr-2025 18:46:52 Europe/Berlin] SQLSTATE[42S22]: Column not found: 1054 Unknown column 'outcome' in 'field list'
[01-Apr-2025 18:47:39 Europe/Berlin] Received action: save
[01-Apr-2025 18:47:39 Europe/Berlin] SQLSTATE[42S22]: Column not found: 1054 Unknown column 'outcome' in 'field list'
[01-Apr-2025 18:51:56 Europe/Berlin] Received action: save
[01-Apr-2025 18:51:56 Europe/Berlin] Received action: get
[01-Apr-2025 18:52:46 Europe/Berlin] Received action: save
[01-Apr-2025 18:54:09 Europe/Berlin] Received action: save
[01-Apr-2025 18:55:07 Europe/Berlin] Received action: save
[01-Apr-2025 19:22:55 Europe/Berlin] Received action: save
[01-Apr-2025 19:35:34 Europe/Berlin] Received action: save
[01-Apr-2025 19:39:43 Europe/Berlin] Received action: save
[01-Apr-2025 19:49:45 Europe/Berlin] Received action: save
[01-Apr-2025 20:29:53 Europe/Berlin] Received action: save
[01-Apr-2025 21:00:13 Europe/Berlin] Received action: save
[01-Apr-2025 21:00:13 Europe/Berlin] Received action: save
[01-Apr-2025 21:00:13 Europe/Berlin] Received action: save
[02-Apr-2025 11:28:36 Europe/Berlin] Received action: save
[02-Apr-2025 11:28:45 Europe/Berlin] Received action: save
[02-Apr-2025 19:15:07 Europe/Berlin] Received action: save
[02-Apr-2025 19:15:07 Europe/Berlin] Received action: save
[03-Apr-2025 07:39:32 Europe/Berlin] Received action: save
[03-Apr-2025 10:04:57 Europe/Berlin] Received action: save
[03-Apr-2025 10:04:57 Europe/Berlin] Received action: save
[03-Apr-2025 10:04:58 Europe/Berlin] Received action: save
[03-Apr-2025 10:04:59 Europe/Berlin] Received action: save
[03-Apr-2025 10:04:59 Europe/Berlin] Received action: save
[03-Apr-2025 10:04:59 Europe/Berlin] Received action: save
[03-Apr-2025 10:04:59 Europe/Berlin] Received action: save
